<?xml version="1.0" encoding="UTF-8"?>
<testsuite xmlns:xsi="http://www.w3.org/2001/XMLSchema-instance" xsi:noNamespaceSchemaLocation="https://maven.apache.org/surefire/maven-surefire-plugin/xsd/surefire-test-report.xsd" name="com.example.admin.Boot05WebAdminApplicationTests" time="5.556" tests="2" errors="0" skipped="0" failures="0">
  <properties>
[...]
</properties>
  <testcase name="testUserMapper" classname="com.example.admin.Boot05WebAdminApplicationTests" time="1.389"/>
  <testcase name="contextLoads" classname="com.example.admin.Boot05WebAdminApplicationTests" time="0.016"/>
</testsuite>